<?xml version="1.0" encoding="UTF-8"?>
<!-- Generated by org.testng.reporters.JUnitReportReporter -->
<testsuite skipped="0" hostname="YUVAROV-NB" name="SearchTest" tests="1" failures="0" timestamp="2021-03-17T14:44:46 EET" time="3.942" errors="0">
  <testcase name="openGoogleChromeTest" time="3.942" classname="SearchTest"/>
  <system-out/>
</testsuite> <!-- SearchTest -->
